{
  "jsonrpc": "2.0",
  "id": 0,
  "method": "initialize",
  "params": {
    "processId": 13164,
    "rootUri": null,
    "capabilities": {
      "workspace": {
        "applyEdit": true,
        "didChangeConfiguration": {
          "dynamicRegistration": true
        },
        "didChangeWatchedFiles": {
          "dynamicRegistration": true
        },
        "symbol": {
          "dynamicRegistration": true
        },
        "executeCommand": {
          "dynamicRegistration": true
        }
      },
      "textDocument": {
        "synchronization": {
          "willSave": true,
          "willSaveWaitUntil": true,
          "didSave": true,
          "dynamicRegistration": true
        },
        "completion": {
          "completionItem": {
            "snippetSupport": true,
            "commitCharactersSupport": true
          },
          "dynamicRegistration": true
        },
        "hover": {
          "dynamicRegistration": true
        },
        "signatureHelp": {
          "dynamicRegistration": true
        },
        "references": {
          "dynamicRegistration": true
        },
        "documentHighlight": {
          "dynamicRegistration": true
        },
        "documentSymbol": {
          "dynamicRegistration": true
        },
        "formatting": {
          "dynamicRegistration": true
        },
        "rangeFormatting": {
          "dynamicRegistration": true
        },
        "onTypeFormatting": {
          "dynamicRegistration": true
        },
        "definition": {
          "dynamicRegistration": true
        },
        "codeAction": {
          "dynamicRegistration": true
        },
        "codeLens": {
          "dynamicRegistration": true
        },
        "documentLink": {
          "dynamicRegistration": true
        },
        "rename": {
          "dynamicRegistration": true
        }
      }
    },
    "trace": "off"
  }
}
{
  "jsonrpc": "2.0",
  "id": 0,
  "result": {
    "capabilities": {
      "textDocumentSync": 1
    }
  }
}
{
  "jsonrpc": "2.0",
  "method": "initialized",
  "params": {}
}
{
  "jsonrpc": "2.0",
  "method": "workspace/didChangeConfiguration",
  "params": {
    "settings": {
      "plsql-lsp": {}
    }
  }
}
{
  "jsonrpc": "2.0",
  "method": "textDocument/didOpen",
  "params": {
    "textDocument": {
      "uri": "file:///c%3A/Users/idubashi/Documents/GUAP/spring%202019/%D0%AD%D0%BA%D1%81%D0%BF%D0%B5%D1%80%D1%82%D0%BD%D1%8B%D0%B5%20%D1%81%D0%B8%D1%81%D1%82%D0%B5%D0%BC%D1%8B/Untitled-1.sql",
      "languageId": "plsql",
      "version": 1,
      "text": "with p as (\r\nselect \u00271 \u0027 num, \u0027Давление гелия в ШБ\u0027                   cmt, \u0027ДБВ\u0027  id, \u002740\u0027 mn, \u0027320\u0027  mx  from dual union all\r\nselect \u00272 \u0027 num, \u0027Давление топлива в магистрали бака Б1\u0027 cmt, \u0027ДТМ1\u0027 id, \u00270\u0027  mn, \u002717.5\u0027 mx  from dual union all\r\nselect \u00273 \u0027 num, \u0027Давление топлива в магистрали бака Б2\u0027 cmt, \u0027ДТМ2\u0027 id, \u00270\u0027  mn, \u002717.5\u0027 mx  from dual union all\r\nselect \u00274 \u0027 num, \u0027Температура бака Б1\u0027                   cmt, \u0027Т1\u0027   id, \u00275\u0027  mn, \u002745\u0027   mx  from dual union all\r\nselect \u00275 \u0027 num, \u0027Температура бака Б2\u0027                   cmt, \u0027Т2\u0027   id, \u00275\u0027  mn, \u002745\u0027   mx  from dual union all\r\nselect \u00276 \u0027 num, \u0027Температура клапана ДВ3\u0027               cmt, \u0027Т3\u0027   id, \u00275\u0027  mn, \u002790\u0027   mx  from dual union all\r\nselect \u00277 \u0027 num, \u0027Температура клапана ДВ4\u0027               cmt, \u0027Т4\u0027   id, \u00275\u0027  mn, \u002790\u0027   mx  from dual union all\r\nselect \u00278 \u0027 num, \u0027Температура камеры ДТ6\u0027                cmt, \u0027Т5\u0027   id, \u00275\u0027  mn, \u0027800\u0027  mx  from dual union all\r\nselect \u00279 \u0027 num, \u0027Температура камеры ДТ8\u0027                cmt, \u0027Т6\u0027   id, \u00275\u0027  mn, \u0027800\u0027  mx  from dual union all\r\nselect \u002710\u0027 num, \u0027Температура камеры ДВ1\u0027                cmt, \u0027Т7\u0027   id, \u00275\u0027  mn, \u0027800\u0027  mx  from dual union all\r\nselect \u002711\u0027 num, \u0027Температура камеры ДТ5\u0027                cmt, \u0027Т8\u0027   id, \u00275\u0027  mn, \u0027800\u0027  mx  from dual union all\r\nselect \u002712\u0027 num, \u0027Температура камеры ДР12\u0027               cmt, \u0027Т9\u0027   id, \u00275\u0027  mn, \u0027800\u0027  mx  from dual union all\r\nselect \u002713\u0027 num, \u0027Температура камеры ДР10\u0027               cmt, \u0027Т10\u0027  id, \u00275\u0027  mn, \u0027800\u0027  mx  from dual union all\r\nselect \u002714\u0027 num, \u0027Температура камеры ДВ4\u0027                cmt, \u0027Т11\u0027  id, \u00275\u0027  mn, \u0027800\u0027  mx  from dual union all\r\nselect \u002715\u0027 num, \u0027Температура камеры ДР9\u0027                cmt, \u0027Т12\u0027  id, \u00275\u0027  mn, \u0027800\u0027  mx  from dual union all\r\nselect \u002716\u0027 num, \u0027Температура камеры ДВ2\u0027                cmt, \u0027Т37\u0027  id, \u00275\u0027  mn, \u0027800\u0027  mx  from dual union all\r\nselect \u002717\u0027 num, \u0027Температура камеры ДТ7\u0027                cmt, \u0027Т38\u0027  id, \u00275\u0027  mn, \u0027800\u0027  mx  from dual union all\r\nselect \u002718\u0027 num, \u0027Температура камеры ДВ3\u0027                cmt, \u0027Т39\u0027  id, \u00275\u0027  mn, \u0027800\u0027  mx  from dual union all\r\nselect \u002719\u0027 num, \u0027Температура камеры ДР11\u0027               cmt, \u0027Т40\u0027  id, \u00275\u0027  mn, \u0027800\u0027  mx  from dual union all\r\nselect \u002720\u0027 num, \u0027Температура ШБ\u0027                        cmt, \u0027Т41\u0027  id, \u002720\u0027 mn, \u002750\u0027   mx  from dual\r\n), t as (\r\nselect p.*, rownum*4-3 id1, rownum*4+1-3 id2, rownum*4+2-3 id3, rownum*4+3-3 id4, rownum*400-400 x1, rownum*400-300 x2 from p\r\n)\r\nselect \u0027\r\n\u003cOperator width\u003d\"80\" operands\u003d\"0$\u0027||id||\u0027\" x\u003d\"\u0027||x1||\u0027\" y\u003d\"93\" height\u003d\"30\" id\u003d\"\u0027||id1||\u0027\" comment\u003d\"\" opcode\u003d\"1\" label\u003d\"\u0027||id1||\u0027\"\u003e\r\n    \u003cOutVars/\u003e\r\n    \u003cLinks\u003e\r\n        \u003cLink linkId\u003d\"\u0027||id2||\u0027\" prizn_and_or\u003d\"1\" tab\u003d\"0\"/\u003e\r\n        \u003cLink linkId\u003d\"\u0027||id3||\u0027\" prizn_and_or\u003d\"1\" tab\u003d\"0\"/\u003e\r\n        \u003cLink linkId\u003d\"\u0027||id4||\u0027\" prizn_and_or\u003d\"1\" tab\u003d\"0\"/\u003e\r\n    \u003c/Links\u003e\r\n\u003c/Operator\u003e\r\n\u003cOperator width\u003d\"297\" operands\u003d\"ЕСЛИ (\u0027||id||\u0027 \u003e 320) ТО\u0026#xa;\u0026#x9;БЗ~Фрегат.\u0027||id||\u0027.ВышеНормы \u003d 1\u0026#xa;ИНАЧЕ\u0026#xa;\u0026#x9;БЗ~Фрегат.\u0027||id||\u0027.ВышеНормы \u003d 0$1$\u0027||id||\u0027$1$БЗ~Фрегат.\u0027||id||\u0027.ВышеНормы$[SYS_TIME]$SA\u0026lt;2_CTRL$0\" x\u003d\"\u0027||x2||\u0027\" y\u003d\"6\" height\u003d\"56\" id\u003d\"\u0027||id2||\u0027\" comment\u003d\"\" opcode\u003d\"242\" label\u003d\"\u0027||id2||\u0027\"\u003e\r\n    \u003cOutVars\u003e\r\n        \u003cOutVar valq\u003d\"1\" indx\u003d\"0\" name\u003d\"БЗ~Фрегат.\u0027||id||\u0027.ВышеНормы\"/\u003e\r\n        \u003cOutVar valq\u003d\"-1\" indx\u003d\"1\" name\u003d\"SA\u0026lt;2_CTRL\"/\u003e\r\n    \u003c/OutVars\u003e\r\n    \u003cLinks/\u003e\r\n\u003c/Operator\u003e\r\n\u003cOperator width\u003d\"297\" operands\u003d\"ЕСЛИ (\u0027||id||\u0027 \u0026lt; 40) ТО\u0026#xa;\u0026#x9;БЗ~Фрегат.\u0027||id||\u0027.НижеНормы \u003d 1\u0026#xa;ИНАЧЕ\u0026#xa;\u0026#x9;БЗ~Фрегат.\u0027||id||\u0027.НижеНормы \u003d 0$1$\u0027||id||\u0027$1$БЗ~Фрегат.\u0027||id||\u0027.НижеНормы$[SYS_TIME]$SA\u0026lt;3_CTRL$0\" x\u003d\"\u0027||x2||\u0027\" y\u003d\"79\" height\u003d\"56\" id\u003d\"\u0027||id3||\u0027\" comment\u003d\"\" opcode\u003d\"242\" label\u003d\"\u0027||id3||\u0027\"\u003e\r\n    \u003cOutVars\u003e\r\n        \u003cOutVar valq\u003d\"1\" indx\u003d\"0\" name\u003d\"БЗ~Фрегат.\u0027||id||\u0027.НижеНормы\"/\u003e\r\n        \u003cOutVar valq\u003d\"-1\" indx\u003d\"1\" name\u003d\"SA\u0026lt;3_CTRL\"/\u003e\r\n    \u003c/OutVars\u003e\r\n    \u003cLinks/\u003e\r\n\u003c/Operator\u003e\r\n\u003cOperator width\u003d\"297\" operands\u003d\"ЕСЛИ ((\u0027||id||\u0027 \u003e\u003d 40) \u0026amp; (\u0027||id||\u0027 \u0026lt;\u003d 320)) ТО\u0026#xa;\u0026#x9;БЗ~Фрегат.\u0027||id||\u0027.Норма \u003d 1\u0026#xa;ИНАЧЕ\u0026#xa;\u0026#x9;БЗ~Фрегат.\u0027||id||\u0027.Норма \u003d 0$1$\u0027||id||\u0027$1$БЗ~Фрегат.\u0027||id||\u0027.Норма$[SYS_TIME]$SA\u0026lt;4_CTRL$0\" x\u003d\"\u0027||x2||\u0027\" y\u003d\"154\" height\u003d\"56\" id\u003d\"\u0027||id4||\u0027\" comment\u003d\"\" opcode\u003d\"242\" label\u003d\"\u0027||id4||\u0027\"\u003e\r\n    \u003cOutVars\u003e\r\n        \u003cOutVar valq\u003d\"1\" indx\u003d\"0\" name\u003d\"БЗ~Фрегат.\u0027||id||\u0027.Норма\"/\u003e\r\n        \u003cOutVar valq\u003d\"-1\" indx\u003d\"1\" name\u003d\"SA\u0026lt;4_CTRL\"/\u003e\r\n    \u003c/OutVars\u003e\r\n    \u003cLinks/\u003e\r\n\u003c/Operator\u003e\r\n\u0027 from t;"
    }
  }
}
{
  "jsonrpc": "2.0",
  "method": "textDocument/publishDiagnostics",
  "params": {
    "uri": "file:///c%3A/Users/idubashi/Documents/GUAP/spring%202019/%D0%AD%D0%BA%D1%81%D0%BF%D0%B5%D1%80%D1%82%D0%BD%D1%8B%D0%B5%20%D1%81%D0%B8%D1%81%D1%82%D0%B5%D0%BC%D1%8B/Untitled-1.sql",
    "diagnostics": [
      {
        "range": {
          "start": {
            "line": 1,
            "character": 2
          },
          "end": {
            "line": 1,
            "character": 9
          }
        },
        "severity": 2,
        "source": "PL/SQL",
        "message": "Test issue"
      }
    ]
  }
}
{
  "jsonrpc": "2.0",
  "method": "textDocument/didClose",
  "params": {
    "textDocument": {
      "uri": "file:///c%3A/Users/idubashi/Documents/GUAP/spring%202019/%D0%AD%D0%BA%D1%81%D0%BF%D0%B5%D1%80%D1%82%D0%BD%D1%8B%D0%B5%20%D1%81%D0%B8%D1%81%D1%82%D0%B5%D0%BC%D1%8B/Untitled-1.sql"
    }
  }
}
{
  "jsonrpc": "2.0",
  "method": "textDocument/publishDiagnostics",
  "params": {
    "uri": "file:///c%3A/Users/idubashi/Documents/GUAP/spring%202019/%D0%AD%D0%BA%D1%81%D0%BF%D0%B5%D1%80%D1%82%D0%BD%D1%8B%D0%B5%20%D1%81%D0%B8%D1%81%D1%82%D0%B5%D0%BC%D1%8B/Untitled-1.sql",
    "diagnostics": []
  }
}
{
  "jsonrpc": "2.0",
  "method": "textDocument/didOpen",
  "params": {
    "textDocument": {
      "uri": "file:///c%3A/Source/learn_miles/access_report.sql",
      "languageId": "plsql",
      "version": 1,
      "text": "DECLARE\r\n   ls_typ_accr_id VARCHAR2(10) :\u003d \u0027ACCR_556\u0027;\r\n   ls_typ_mei_id  VARCHAR2(10) :\u003d \u0027MEI_556\u0027;\r\n   ls_accr_id     NUMBER       :\u003d 556;\r\nBEGIN\r\n   INSERT INTO typ\r\n      (typ_id, \r\n      typ_typ, \r\n      typ_default, \r\n      typ_minimum, \r\n      typ_maximum, \r\n      typ_reihenfolge, \r\n      typ_value, \r\n      typ_flag1_jn, \r\n      typ_flag2_jn, \r\n      typ_parent) \r\n   VALUES\r\n      (ls_typ_accr_id, \r\n      \u0027ACCR\u0027, \r\n      NULL, \r\n      NULL, \r\n      NULL, \r\n      196, \r\n      to_char(ls_accr_id), \r\n      \u0027j\u0027, \r\n      \u0027j\u0027, \r\n      NULL);\r\n   INSERT INTO accessright\r\n      (accr_id,\r\n      typ_id_accr) \r\n   VALUES\r\n      (ls_accr_id,\r\n      ls_typ_accr_id);\r\n   INSERT INTO sprachbezeichnung\r\n      (typ_id, \r\n      sp_id, \r\n      sbz_text, \r\n      sbz_kurztext, \r\n      sbz_kode) \r\n   VALUES\r\n      (ls_typ_accr_id, \r\n      \u0027ENG\u0027, \r\n      \u0027AZ \u003e\u003e Work hours report\u0027,\r\n      NULL, \r\n      NULL);\r\n   INSERT INTO sprachbezeichnung\r\n      (typ_id, \r\n      sp_id, \r\n      sbz_text, \r\n      sbz_kurztext, \r\n      sbz_kode) \r\n   VALUES\r\n      (ls_typ_accr_id, \r\n      \u0027DEU\u0027, \r\n      \u0027AZ \u003e\u003e Arbeitszeitbericht\u0027, \r\n      NULL, \r\n      NULL);\r\n   INSERT INTO sprachbezeichnung\r\n      (typ_id, \r\n      sp_id, \r\n      sbz_text, \r\n      sbz_kurztext, \r\n      sbz_kode) \r\n   VALUES\r\n      (ls_typ_accr_id, \r\n      \u0027FRA\u0027, \r\n      \u0027AZ \u003e\u003e Rapport sur les heures de travail\u0027, \r\n      NULL, \r\n      NULL);\r\n   INSERT INTO accg_accr_org_ref\r\n      (gro_id, \r\n      accg_id, \r\n      accr_id, \r\n      org_id) \r\n   VALUES\r\n      (374, \r\n      -1, \r\n      ls_accr_id, \r\n      \u0027Alle\u0027);\r\n   INSERT INTO accg_accr_org_ref\r\n      (gro_id, \r\n      accg_id, \r\n      accr_id, \r\n      org_id) \r\n   VALUES\r\n      (375, \r\n      22, \r\n      ls_accr_id, \r\n      \u0027Alle\u0027);\r\n   INSERT INTO prosturl\r\n      (pur_id, \r\n      accr_id, \r\n      pur_pack, \r\n      pur_proc, \r\n      pur_modus, \r\n      pur_vertretung_jn, \r\n      pur_secretary_nj, \r\n      pur_enabled_jn, \r\n      typ_id_moh, \r\n      pur_last_access_date) \r\n   VALUES\r\n      (90003, \r\n      ls_accr_id, \r\n      \u0027ptest2\u0027, \r\n      \u0027report\u0027, \r\n      NULL, \r\n      \u0027j\u0027, \r\n      \u0027n\u0027, \r\n      \u0027j\u0027, \r\n      NULL, \r\n      NULL);\r\n   INSERT INTO typ\r\n      (typ_id, \r\n      typ_typ, \r\n      typ_default, \r\n      typ_minimum, \r\n      typ_maximum, \r\n      typ_reihenfolge, \r\n      typ_value, \r\n      typ_flag1_jn, \r\n      typ_flag2_jn, \r\n      typ_parent) \r\n   VALUES\r\n      (ls_typ_mei_id, \r\n      \u0027MEI\u0027, \r\n      NULL, \r\n      NULL, \r\n      NULL, \r\n      ls_accr_id, \r\n      \u002790003\u0027, \r\n      \u0027j\u0027, \r\n      \u0027j\u0027, \r\n      NULL);\r\n   INSERT INTO menuestruktur\r\n      (typ_id_me, \r\n      typ_id_mei, \r\n      mes_posid) \r\n   VALUES\r\n      (\u0027MEI_M110\u0027,\r\n      ls_typ_mei_id,\r\n      56);\r\n   INSERT INTO sprachbezeichnung\r\n      (typ_id, \r\n      sp_id, \r\n      sbz_text, \r\n      sbz_kurztext, \r\n      sbz_kode) \r\n   VALUES\r\n      (ls_typ_mei_id, \r\n      \u0027ENG\u0027, \r\n      \u0027TEST Work hours report\u0027, \r\n      NULL, \r\n      NULL);\r\n   INSERT INTO sprachbezeichnung\r\n      (typ_id, \r\n      sp_id, \r\n      sbz_text, \r\n      sbz_kurztext, \r\n      sbz_kode) \r\n   VALUES\r\n      (ls_typ_mei_id,\r\n      \u0027DEU\u0027,\r\n      \u0027TEST Arbeitszeitbericht\u0027,\r\n      NULL,\r\n      NULL);\r\n   INSERT INTO sprachbezeichnung\r\n      (typ_id,\r\n      sp_id, \r\n      sbz_text, \r\n      sbz_kurztext, \r\n      sbz_kode) \r\n   VALUES\r\n      (ls_typ_mei_id, \r\n      \u0027FRA\u0027, \r\n      \u0027TEST Rapport sur les heures de travail\u0027, \r\n      NULL, \r\n      NULL);\r\nEND;\r\n/"
    }
  }
}
{
  "jsonrpc": "2.0",
  "method": "textDocument/publishDiagnostics",
  "params": {
    "uri": "file:///c%3A/Source/learn_miles/access_report.sql",
    "diagnostics": [
      {
        "range": {
          "start": {
            "line": 1,
            "character": 2
          },
          "end": {
            "line": 1,
            "character": 9
          }
        },
        "severity": 2,
        "source": "PL/SQL",
        "message": "Test issue"
      }
    ]
  }
}
